[2025-06-07 00:41:47,367] 14 root - INFO - Starting data ingestion
[2025-06-07 00:41:47,367] 24 root - INFO - Entered the data ingestion method or component
[2025-06-07 00:41:47,893] 28 root - INFO - Read the dataset as dataframe
[2025-06-07 00:41:48,838] 33 root - INFO - Train Test split initiated
[2025-06-07 00:41:49,467] 41 root - INFO - Ingestion of data is completed
[2025-06-07 00:41:49,472] 17 root - INFO - Data ingestion completed. Train data: artifacts/train.csv, Test data: artifacts/test.csv
[2025-06-07 00:41:49,472] 20 root - INFO - Starting data transformation
[2025-06-07 00:41:50,221] 60 root - INFO - Train and test CSV files loaded.
[2025-06-07 00:41:51,283] 70 root - INFO - Cleaned Resume_str columns in both train and test data.
[2025-06-07 00:41:51,284] 84 root - INFO - Target labels encoded.
[2025-06-07 00:41:52,249] 91 root - INFO - TF-IDF transformation completed.
[2025-06-07 00:41:52,257] 99 root - INFO - TF-IDF vectorizer saved successfully.
[2025-06-07 00:41:52,260] 25 root - INFO - Data transformation completed. Preprocessor saved at: artifacts/preprocessor.pkl
[2025-06-07 00:41:52,260] 28 root - INFO - Starting model training
[2025-06-07 00:41:52,260] 33 root - INFO - Starting model training pipeline for classification
[2025-06-07 00:41:52,260] 79 root - INFO - Training Random Forest
[2025-06-07 00:42:03,113] 79 root - INFO - Training Gradient Boosting
[2025-06-07 01:00:20,189] 79 root - INFO - Training Logistic Regression
[2025-06-07 01:00:24,462] 79 root - INFO - Training XGBoost
[2025-06-07 01:05:02,589] 79 root - INFO - Training Naive Bayes
[2025-06-07 01:05:02,743] 79 root - INFO - Training SVC
[2025-06-07 01:05:27,760] 79 root - INFO - Training AdaBoost
[2025-06-07 01:05:43,075] 100 root - INFO - Best model found: XGBoost with accuracy: 0.7364
[2025-06-07 01:05:43,107] 111 root - INFO - Final model accuracy: 0.7364
[2025-06-07 01:05:43,108] 31 root - INFO - Model training completed with accuracy: 0.7364
